2025-01-03 16:07:34,299 - root - INFO - Démarrage de l'application
2025-01-03 16:07:34,299 - root - INFO - Création du dossier config
2025-01-03 16:07:34,300 - root - INFO - Création du fichier de configuration par défaut
2025-01-03 16:07:34,347 - root - INFO - Lancement de l'interface graphique
2025-01-03 16:07:37,503 - matplotlib.category - INFO - Using categorical units to plot a list of strings that are all parsable as floats or dates. If these strings should be plotted as numbers, cast to the appropriate data type before plotting.
2025-01-03 16:07:37,504 - matplotlib.category - INFO - Using categorical units to plot a list of strings that are all parsable as floats or dates. If these strings should be plotted as numbers, cast to the appropriate data type before plotting.
2025-01-03 16:07:37,615 - matplotlib.category - INFO - Using categorical units to plot a list of strings that are all parsable as floats or dates. If these strings should be plotted as numbers, cast to the appropriate data type before plotting.
2025-01-03 16:07:37,616 - matplotlib.category - INFO - Using categorical units to plot a list of strings that are all parsable as floats or dates. If these strings should be plotted as numbers, cast to the appropriate data type before plotting.
2025-01-03 16:10:03,419 - root - INFO - Démarrage de l'application
2025-01-03 16:10:03,468 - root - INFO - Lancement de l'interface graphique
2025-01-03 16:10:07,521 - matplotlib.category - INFO - Using categorical units to plot a list of strings that are all parsable as floats or dates. If these strings should be plotted as numbers, cast to the appropriate data type before plotting.
2025-01-03 16:10:07,522 - matplotlib.category - INFO - Using categorical units to plot a list of strings that are all parsable as floats or dates. If these strings should be plotted as numbers, cast to the appropriate data type before plotting.
2025-01-03 16:10:07,632 - matplotlib.category - INFO - Using categorical units to plot a list of strings that are all parsable as floats or dates. If these strings should be plotted as numbers, cast to the appropriate data type before plotting.
2025-01-03 16:10:07,633 - matplotlib.category - INFO - Using categorical units to plot a list of strings that are all parsable as floats or dates. If these strings should be plotted as numbers, cast to the appropriate data type before plotting.
2025-01-03 16:10:12,205 - matplotlib.category - INFO - Using categorical units to plot a list of strings that are all parsable as floats or dates. If these strings should be plotted as numbers, cast to the appropriate data type before plotting.
2025-01-03 16:10:12,207 - matplotlib.category - INFO - Using categorical units to plot a list of strings that are all parsable as floats or dates. If these strings should be plotted as numbers, cast to the appropriate data type before plotting.
2025-01-03 16:10:12,889 - matplotlib.category - INFO - Using categorical units to plot a list of strings that are all parsable as floats or dates. If these strings should be plotted as numbers, cast to the appropriate data type before plotting.
2025-01-03 16:10:12,890 - matplotlib.category - INFO - Using categorical units to plot a list of strings that are all parsable as floats or dates. If these strings should be plotted as numbers, cast to the appropriate data type before plotting.
2025-01-03 16:10:13,138 - matplotlib.category - INFO - Using categorical units to plot a list of strings that are all parsable as floats or dates. If these strings should be plotted as numbers, cast to the appropriate data type before plotting.
2025-01-03 16:10:13,139 - matplotlib.category - INFO - Using categorical units to plot a list of strings that are all parsable as floats or dates. If these strings should be plotted as numbers, cast to the appropriate data type before plotting.
2025-01-03 16:10:13,314 - matplotlib.category - INFO - Using categorical units to plot a list of strings that are all parsable as floats or dates. If these strings should be plotted as numbers, cast to the appropriate data type before plotting.
2025-01-03 16:10:13,315 - matplotlib.category - INFO - Using categorical units to plot a list of strings that are all parsable as floats or dates. If these strings should be plotted as numbers, cast to the appropriate data type before plotting.
2025-01-03 16:10:13,491 - matplotlib.category - INFO - Using categorical units to plot a list of strings that are all parsable as floats or dates. If these strings should be plotted as numbers, cast to the appropriate data type before plotting.
2025-01-03 16:10:13,492 - matplotlib.category - INFO - Using categorical units to plot a list of strings that are all parsable as floats or dates. If these strings should be plotted as numbers, cast to the appropriate data type before plotting.
2025-01-03 16:10:31,481 - root - INFO - Démarrage de l'application
2025-01-03 16:10:31,530 - root - INFO - Lancement de l'interface graphique
2025-01-03 16:10:36,273 - matplotlib.category - INFO - Using categorical units to plot a list of strings that are all parsable as floats or dates. If these strings should be plotted as numbers, cast to the appropriate data type before plotting.
2025-01-03 16:10:36,274 - matplotlib.category - INFO - Using categorical units to plot a list of strings that are all parsable as floats or dates. If these strings should be plotted as numbers, cast to the appropriate data type before plotting.
2025-01-03 16:10:36,385 - matplotlib.category - INFO - Using categorical units to plot a list of strings that are all parsable as floats or dates. If these strings should be plotted as numbers, cast to the appropriate data type before plotting.
2025-01-03 16:10:36,386 - matplotlib.category - INFO - Using categorical units to plot a list of strings that are all parsable as floats or dates. If these strings should be plotted as numbers, cast to the appropriate data type before plotting.
2025-01-03 16:10:45,914 - matplotlib.category - INFO - Using categorical units to plot a list of strings that are all parsable as floats or dates. If these strings should be plotted as numbers, cast to the appropriate data type before plotting.
2025-01-03 16:10:45,915 - matplotlib.category - INFO - Using categorical units to plot a list of strings that are all parsable as floats or dates. If these strings should be plotted as numbers, cast to the appropriate data type before plotting.
2025-01-03 16:12:03,401 - root - INFO - Démarrage de l'application
2025-01-03 16:12:03,450 - root - INFO - Lancement de l'interface graphique
2025-01-03 16:13:11,645 - root - INFO - Démarrage de l'application
2025-01-03 16:13:11,693 - root - INFO - Lancement de l'interface graphique
2025-01-03 16:14:09,115 - root - INFO - Démarrage de l'application
2025-01-03 16:14:09,173 - root - INFO - Lancement de l'interface graphique
2025-01-03 16:15:02,634 - root - INFO - Démarrage de l'application
2025-01-03 16:15:02,682 - root - INFO - Lancement de l'interface graphique
2025-01-03 16:17:39,338 - root - INFO - Démarrage de l'application
2025-01-03 16:17:39,384 - root - INFO - Lancement de l'interface graphique
2025-01-03 16:18:40,350 - root - INFO - Démarrage de l'application
2025-01-03 16:18:40,395 - root - INFO - Lancement de l'interface graphique
2025-01-03 16:22:11,081 - root - INFO - Démarrage de l'application
2025-01-03 16:22:11,124 - root - INFO - Lancement de l'interface graphique
2025-01-03 16:22:11,129 - root - ERROR - Erreur lors du démarrage de l'application: 'ApplicationPrincipale' object has no attribute 'afficher_connexion'
Traceback (most recent call last):
  File "c:\Users\Soloz\Desktop\NF06\main.py", line 90, in main
    app = ApplicationPrincipale(root)
  File "c:\Users\Soloz\Desktop\NF06\python\interface\gui.py", line 532, in __init__
    self.afficher_connexion()
    ^^^^^^^^^^^^^^^^^^^^^^^
AttributeError: 'ApplicationPrincipale' object has no attribute 'afficher_connexion'
2025-01-03 16:22:57,224 - root - INFO - Démarrage de l'application
2025-01-03 16:22:57,268 - root - INFO - Lancement de l'interface graphique
2025-01-03 16:24:46,104 - root - INFO - Démarrage de l'application
2025-01-03 16:24:46,144 - root - INFO - Lancement de l'interface graphique
2025-01-03 23:10:40,788 - root - INFO - Démarrage de l'application
2025-01-03 23:10:40,948 - root - INFO - Lancement de l'interface graphique
2025-01-03 23:12:35,197 - root - INFO - Démarrage de l'application
2025-01-03 23:12:35,281 - root - INFO - Lancement de l'interface graphique
2025-01-03 23:14:36,687 - root - INFO - Démarrage de l'application
2025-01-03 23:14:36,788 - root - INFO - Lancement de l'interface graphique
2025-01-03 23:15:42,158 - root - INFO - Démarrage de l'application
2025-01-03 23:15:42,272 - root - INFO - Lancement de l'interface graphique
2025-01-03 23:17:00,297 - root - INFO - Démarrage de l'application
2025-01-03 23:17:00,399 - root - INFO - Lancement de l'interface graphique
2025-01-03 23:18:00,734 - root - INFO - Démarrage de l'application
2025-01-03 23:18:00,830 - root - INFO - Lancement de l'interface graphique
2025-01-03 23:22:08,633 - root - INFO - Démarrage de l'application
2025-01-03 23:22:08,634 - root - INFO - Création du dossier config
2025-01-03 23:22:08,637 - root - INFO - Création du fichier de configuration par défaut
2025-01-03 23:22:08,722 - root - INFO - Lancement de l'interface graphique
2025-01-03 23:26:10,825 - root - INFO - Démarrage de l'application
2025-01-03 23:26:10,826 - root - INFO - Création du dossier data
2025-01-03 23:26:10,923 - root - INFO - Lancement de l'interface graphique
